<?xml version="1.0" encoding="UTF-8"?>
<!-- Generated by org.testng.reporters.JUnitXMLReporter -->
<testsuite hostname="DESKTOP-5RB1QFG" name="Clinician App Chrome Test" tests="250" failures="12" timestamp="15 Aug 2017 16:47:44 GMT" time="1774.741" errors="0">
  <testcase name="testCase001" time="1.664" classname="TestCases.LoginTestCases"/>
  <testcase name="testCase002" time="0.87" classname="TestCases.LoginTestCases"/>
  <testcase name="testCase003" time="3.743" classname="TestCases.LoginTestCases"/>
  <testcase name="testCase004" time="0.641" classname="TestCases.LoginTestCases"/>
  <testcase name="testCase005" time="1.287" classname="TestCases.LoginTestCases"/>
  <testcase name="testCase006" time="1.073" classname="TestCases.LoginTestCases"/>
  <testcase name="testCase007" time="0.666" classname="TestCases.LoginTestCases"/>
  <testcase name="testCase008" time="0.408" classname="TestCases.LoginTestCases"/>
  <testcase name="testCase009" time="3.386" classname="TestCases.LoginTestCases"/>
  <testcase name="testCase010" time="3.355" classname="TestCases.LoginTestCases"/>
  <testcase name="testCase011" time="0.608" classname="TestCases.LoginTestCases"/>
  <testcase name="testCase012" time="0.441" classname="TestCases.LoginTestCases"/>
  <testcase name="testCase013" time="5.968" classname="TestCases.LoginTestCases">
    <failure type="java.lang.AssertionError" message="Test FAILED">
      <![CDATA[java.lang.AssertionError: Test FAILED
	at TestCases.LoginTestCases.testCase013(LoginTestCases.java:312)
... Removed 28 stack frames]]>
    </failure>
  </testcase> <!-- testCase013 -->
  <testcase name="testCase014" time="2.669" classname="TestCases.LoginTestCases"/>
  <testcase name="testCase015" time="0.437" classname="TestCases.LoginTestCases"/>
  <testcase name="testCase016" time="3.272" classname="TestCases.LoginTestCases"/>
  <testcase name="testCase017" time="4.513" classname="TestCases.LoginTestCases">
    <failure type="java.lang.AssertionError" message="Test FAILED">
      <![CDATA[java.lang.AssertionError: Test FAILED
	at TestCases.LoginTestCases.testCase017(LoginTestCases.java:392)
... Removed 28 stack frames]]>
    </failure>
  </testcase> <!-- testCase017 -->
  <testcase name="testCase018" time="5.976" classname="TestCases.LoginTestCases"/>
  <testcase name="testCase019" time="6.377" classname="TestCases.ProtocolTestCases"/>
  <testcase name="testCase020" time="5.795" classname="TestCases.ProtocolTestCases"/>
  <testcase name="testCase021" time="5.209" classname="TestCases.ProtocolTestCases"/>
  <testcase name="testCase022" time="5.288" classname="TestCases.ProtocolTestCases"/>
  <testcase name="testCase023" time="6.571" classname="TestCases.ProtocolTestCases"/>
  <testcase name="testCase024" time="5.3" classname="TestCases.ProtocolTestCases"/>
  <testcase name="testCase025" time="5.867" classname="TestCases.ProtocolTestCases"/>
  <testcase name="testCase026" time="5.36" classname="TestCases.ProtocolTestCases"/>
  <testcase name="testCase027" time="6.236" classname="TestCases.ProtocolTestCases"/>
  <testcase name="testCase028" time="6.018" classname="TestCases.ProtocolTestCases"/>
  <testcase name="testCase029" time="6.368" classname="TestCases.ProtocolTestCases"/>
  <testcase name="testCase030" time="6.358" classname="TestCases.ProtocolTestCases"/>
  <testcase name="testCase031" time="20.549" classname="TestCases.ProtocolTestCases"/>
  <testcase name="testCase032" time="6.802" classname="TestCases.ProtocolTestCases"/>
  <testcase name="testCase033" time="5.842" classname="TestCases.ProtocolTestCases"/>
  <testcase name="testCase034" time="5.764" classname="TestCases.ProtocolTestCases"/>
  <testcase name="testCase035" time="5.759" classname="TestCases.ProtocolTestCases"/>
  <testcase name="testCase036" time="5.776" classname="TestCases.ProtocolTestCases"/>
  <testcase name="testCase037" time="6.388" classname="TestCases.ProtocolTestCases"/>
  <testcase name="testCase038" time="7.151" classname="TestCases.ProtocolTestCases"/>
  <testcase name="testCase039" time="6.289" classname="TestCases.ProtocolTestCases"/>
  <testcase name="testCase040" time="6.442" classname="TestCases.ProtocolTestCases"/>
  <testcase name="testCase041" time="6.014" classname="TestCases.ProtocolTestCases"/>
  <testcase name="testCase042" time="5.923" classname="TestCases.ProtocolTestCases"/>
  <testcase name="testCase043" time="5.775" classname="TestCases.ProtocolTestCases"/>
  <testcase name="testCase044" time="6.232" classname="TestCases.ProtocolTestCases"/>
  <testcase name="testCase045" time="5.865" classname="TestCases.ProtocolTestCases"/>
  <testcase name="testCase046" time="5.978" classname="TestCases.ProtocolTestCases"/>
  <testcase name="testCase047" time="6.121" classname="TestCases.ProtocolTestCases"/>
  <testcase name="testCase048" time="6.566" classname="TestCases.ProtocolTestCases"/>
  <testcase name="testCase049" time="7.029" classname="TestCases.ProtocolTestCases"/>
  <testcase name="testCase050" time="5.882" classname="TestCases.ProtocolTestCases"/>
  <testcase name="testCase051" time="5.773" classname="TestCases.ProtocolTestCases"/>
  <testcase name="testCase052" time="41.777" classname="TestCases.ProtocolTestCases">
    <failure type="java.lang.AssertionError" message="Test FAILED">
      <![CDATA[java.lang.AssertionError: Test FAILED
	at TestCases.ProtocolTestCases.testCase052(ProtocolTestCases.java:1060)
... Removed 28 stack frames]]>
    </failure>
  </testcase> <!-- testCase052 -->
  <testcase name="testCase053" time="8.075" classname="TestCases.ProtocolTestCases"/>
  <testcase name="testCase054" time="8.752" classname="TestCases.ProtocolTestCases"/>
  <testcase name="testCase055" time="5.11" classname="TestCases.ProtocolTestCases"/>
  <testcase name="testCase056" time="5.521" classname="TestCases.ProtocolTestCases"/>
  <testcase name="testCase057" time="5.568" classname="TestCases.ProtocolTestCases"/>
  <testcase name="testCase058" time="6.026" classname="TestCases.ProtocolTestCases"/>
  <testcase name="testCase059" time="6.781" classname="TestCases.ProtocolTestCases"/>
  <testcase name="testCase060" time="5.774" classname="TestCases.ProtocolTestCases"/>
  <testcase name="testCase061" time="5.643" classname="TestCases.ProtocolTestCases"/>
  <testcase name="testCase062" time="6.34" classname="TestCases.ProtocolTestCases"/>
  <testcase name="testCase063" time="7.2" classname="TestCases.ProtocolTestCases"/>
  <testcase name="testCase064" time="7.431" classname="TestCases.ProtocolTestCases"/>
  <testcase name="testCase065" time="5.626" classname="TestCases.ProtocolTestCases"/>
  <testcase name="testCase066" time="5.858" classname="TestCases.ProtocolTestCases"/>
  <testcase name="testCase067" time="6.287" classname="TestCases.ProtocolTestCases"/>
  <testcase name="testCase068" time="5.939" classname="TestCases.ProtocolTestCases"/>
  <testcase name="testCase069" time="6.277" classname="TestCases.ProtocolTestCases"/>
  <testcase name="testCase070" time="6.025" classname="TestCases.ProtocolTestCases"/>
  <testcase name="testCase071" time="5.934" classname="TestCases.ProtocolTestCases"/>
  <testcase name="testCase072" time="6.48" classname="TestCases.ProtocolTestCases"/>
  <testcase name="testCase073" time="5.912" classname="TestCases.ProtocolTestCases"/>
  <testcase name="testCase074" time="6.787" classname="TestCases.ProtocolTestCases"/>
  <testcase name="testCase075" time="5.742" classname="TestCases.ProtocolTestCases"/>
  <testcase name="testCase076" time="6.401" classname="TestCases.ProtocolTestCases"/>
  <testcase name="testCase077" time="7.424" classname="TestCases.ProtocolTestCases"/>
  <testcase name="testCase078" time="8.288" classname="TestCases.ProtocolTestCases"/>
  <testcase name="testCase079" time="41.876" classname="TestCases.ProtocolTestCases">
    <failure type="java.lang.AssertionError" message="Test FAILED">
      <![CDATA[java.lang.AssertionError: Test FAILED
	at TestCases.ProtocolTestCases.testCase079(ProtocolTestCases.java:1882)
... Removed 28 stack frames]]>
    </failure>
  </testcase> <!-- testCase079 -->
  <testcase name="testCase080" time="7.024" classname="TestCases.ForgotPassTestCases">
    <failure type="java.lang.AssertionError" message="Test FAILED">
      <![CDATA[java.lang.AssertionError: Test FAILED
	at TestCases.ForgotPassTestCases.testCase080(ForgotPassTestCases.java:86)
... Removed 28 stack frames]]>
    </failure>
  </testcase> <!-- testCase080 -->
  <testcase name="testCase081" time="6.378" classname="TestCases.ForgotPassTestCases">
    <failure type="java.lang.AssertionError" message="Test FAILED">
      <![CDATA[java.lang.AssertionError: Test FAILED
	at TestCases.ForgotPassTestCases.testCase081(ForgotPassTestCases.java:104)
... Removed 28 stack frames]]>
    </failure>
  </testcase> <!-- testCase081 -->
  <testcase name="testCase082" time="0.372" classname="TestCases.ForgotPassTestCases"/>
  <testcase name="testCase083" time="0.519" classname="TestCases.ForgotPassTestCases"/>
  <testcase name="testCase084" time="0.436" classname="TestCases.ForgotPassTestCases"/>
  <testcase name="testCase090" time="5.191" classname="TestCases.HomePageTestCases"/>
  <testcase name="testCase092" time="6.439" classname="TestCases.HomePageTestCases"/>
  <testcase name="testCase094" time="6.152" classname="TestCases.HomePageTestCases"/>
  <testcase name="testCase095" time="5.913" classname="TestCases.HomePageTestCases"/>
  <testcase name="testCase096" time="3.216" classname="TestCases.HomePageTestCases"/>
  <testcase name="testCase097" time="3.519" classname="TestCases.HomePageTestCases"/>
  <testcase name="testCase098" time="3.022" classname="TestCases.HomePageTestCases"/>
  <testcase name="testCase099" time="2.971" classname="TestCases.HomePageTestCases"/>
  <testcase name="testCase100" time="3.567" classname="TestCases.HomePageTestCases"/>
  <testcase name="testCase101" time="3.028" classname="TestCases.HomePageTestCases"/>
  <testcase name="testCase102" time="3.051" classname="TestCases.HomePageTestCases"/>
  <testcase name="testCase103" time="3.425" classname="TestCases.HomePageTestCases"/>
  <testcase name="testCase104" time="3.256" classname="TestCases.HomePageTestCases"/>
  <testcase name="testCase105" time="3.674" classname="TestCases.HomePageTestCases"/>
  <testcase name="testCase106" time="3.555" classname="TestCases.HomePageTestCases"/>
  <testcase name="testCase107" time="3.5" classname="TestCases.HomePageTestCases"/>
  <testcase name="testCase108" time="5.469" classname="TestCases.HomePageTestCases"/>
  <testcase name="testCase109" time="4.677" classname="TestCases.HomePageTestCases"/>
  <testcase name="testCase110" time="4.448" classname="TestCases.HomePageTestCases"/>
  <testcase name="testCase119" time="4.829" classname="TestCases.ClinicianTestCases"/>
  <testcase name="testCase120" time="3.359" classname="TestCases.ClinicianTestCases"/>
  <testcase name="testCase121" time="3.286" classname="TestCases.ClinicianTestCases"/>
  <testcase name="testCase122" time="3.143" classname="TestCases.ClinicianTestCases"/>
  <testcase name="testCase123" time="10.064" classname="TestCases.ClinicianTestCases">
    <failure type="java.lang.AssertionError" message="Test FAILED">
      <![CDATA[java.lang.AssertionError: Test FAILED
	at TestCases.ClinicianTestCases.testCase123(ClinicianTestCases.java:191)
... Removed 28 stack frames]]>
    </failure>
  </testcase> <!-- testCase123 -->
  <testcase name="testCase124" time="5.677" classname="TestCases.ClinicianTestCases"/>
  <testcase name="testCase125" time="5.294" classname="TestCases.ClinicianTestCases"/>
  <testcase name="testCase126" time="5.689" classname="TestCases.ClinicianTestCases"/>
  <testcase name="testCase127" time="5.647" classname="TestCases.ClinicianTestCases"/>
  <testcase name="testCase128" time="5.615" classname="TestCases.ClinicianTestCases"/>
  <testcase name="testCase129" time="3.493" classname="TestCases.ClinicianTestCases"/>
  <testcase name="testCase130" time="3.242" classname="TestCases.ClinicianTestCases"/>
  <testcase name="testCase131" time="3.006" classname="TestCases.ClinicianTestCases"/>
  <testcase name="testCase132" time="3.613" classname="TestCases.ClinicianTestCases"/>
  <testcase name="testCase133" time="3.251" classname="TestCases.ClinicianTestCases"/>
  <testcase name="testCase134" time="3.402" classname="TestCases.ClinicianTestCases"/>
  <testcase name="testCase135" time="3.194" classname="TestCases.ClinicianTestCases"/>
  <testcase name="testCase136" time="4.637" classname="TestCases.ClinicianTestCases"/>
  <testcase name="testCase137" time="3.078" classname="TestCases.ClinicianTestCases"/>
  <testcase name="testCase138" time="3.146" classname="TestCases.ClinicianTestCases"/>
  <testcase name="testCase139" time="3.086" classname="TestCases.ClinicianTestCases"/>
  <testcase name="testCase140" time="3.155" classname="TestCases.ClinicianTestCases"/>
  <testcase name="testCase141" time="3.613" classname="TestCases.ClinicianTestCases"/>
  <testcase name="testCase142" time="3.089" classname="TestCases.ClinicianTestCases"/>
  <testcase name="testCase143" time="3.123" classname="TestCases.ClinicianTestCases"/>
  <testcase name="testCase144" time="3.056" classname="TestCases.ClinicianTestCases"/>
  <testcase name="testCase145" time="3.184" classname="TestCases.ClinicianTestCases"/>
  <testcase name="testCase146" time="3.157" classname="TestCases.ClinicianTestCases"/>
  <testcase name="testCase147" time="3.251" classname="TestCases.ClinicianTestCases"/>
  <testcase name="testCase148" time="3.88" classname="TestCases.ClinicianTestCases"/>
  <testcase name="testCase149" time="4.015" classname="TestCases.ClinicianTestCases"/>
  <testcase name="testCase150" time="3.109" classname="TestCases.ClinicianTestCases"/>
  <testcase name="testCase151" time="3.154" classname="TestCases.ClinicianTestCases"/>
  <testcase name="testCase152" time="3.117" classname="TestCases.ClinicianTestCases"/>
  <testcase name="testCase153" time="3.387" classname="TestCases.ClinicianTestCases"/>
  <testcase name="testCase154" time="3.272" classname="TestCases.ClinicianTestCases"/>
  <testcase name="testCase155" time="3.289" classname="TestCases.ClinicianTestCases"/>
  <testcase name="testCase156" time="3.261" classname="TestCases.ClinicianTestCases"/>
  <testcase name="testCase157" time="3.148" classname="TestCases.ClinicianTestCases"/>
  <testcase name="testCase158" time="3.206" classname="TestCases.ClinicianTestCases"/>
  <testcase name="testCase159" time="4.447" classname="TestCases.NavBarFooterTestCases"/>
  <testcase name="testCase160" time="3.289" classname="TestCases.NavBarFooterTestCases"/>
  <testcase name="testCase161" time="3.029" classname="TestCases.NavBarFooterTestCases"/>
  <testcase name="testCase162" time="3.019" classname="TestCases.NavBarFooterTestCases"/>
  <testcase name="testCase163" time="3.043" classname="TestCases.NavBarFooterTestCases"/>
  <testcase name="testCase164" time="2.852" classname="TestCases.NavBarFooterTestCases"/>
  <testcase name="testCase165" time="3.012" classname="TestCases.NavBarFooterTestCases"/>
  <testcase name="testCase166" time="3.265" classname="TestCases.NavBarFooterTestCases"/>
  <testcase name="testCase167" time="3.003" classname="TestCases.NavBarFooterTestCases"/>
  <testcase name="testCase168" time="3.037" classname="TestCases.NavBarFooterTestCases"/>
  <testcase name="testCase169" time="3.019" classname="TestCases.NavBarFooterTestCases"/>
  <testcase name="testCase170" time="4.283" classname="TestCases.NavBarFooterTestCases"/>
  <testcase name="testCase171" time="5.051" classname="TestCases.ChangePWTestCases"/>
  <testcase name="testCase172" time="3.649" classname="TestCases.ChangePWTestCases"/>
  <testcase name="testCase173" time="3.422" classname="TestCases.ChangePWTestCases"/>
  <testcase name="testCase174" time="3.26" classname="TestCases.ChangePWTestCases"/>
  <testcase name="testCase175" time="5.503" classname="TestCases.ChangePWTestCases"/>
  <testcase name="testCase176" time="5.57" classname="TestCases.ChangePWTestCases"/>
  <testcase name="testCase178" time="5.359" classname="TestCases.SupportVideosTestCases"/>
  <testcase name="testCase179" time="3.455" classname="TestCases.SupportVideosTestCases"/>
  <testcase name="testCase180" time="3.336" classname="TestCases.SupportVideosTestCases"/>
  <testcase name="testCase181" time="3.219" classname="TestCases.SupportVideosTestCases"/>
  <testcase name="testCase182" time="3.352" classname="TestCases.SupportVideosTestCases"/>
  <testcase name="testCase183" time="4.42" classname="TestCases.SupportVideosTestCases"/>
  <testcase name="testCase184" time="4.313" classname="TestCases.SupportVideosTestCases"/>
  <testcase name="testCase185" time="4.639" classname="TestCases.SupportVideosTestCases"/>
  <testcase name="testCase186" time="4.075" classname="TestCases.SupportVideosTestCases"/>
  <testcase name="testCase187" time="4.596" classname="TestCases.SupportVideosTestCases"/>
  <testcase name="testCase188" time="4.167" classname="TestCases.SupportVideosTestCases"/>
  <testcase name="testCase189" time="4.665" classname="TestCases.SupportVideosTestCases"/>
  <testcase name="testCase190" time="4.244" classname="TestCases.SupportVideosTestCases"/>
  <testcase name="testCase191" time="4.581" classname="TestCases.SupportVideosTestCases"/>
  <testcase name="testCase192" time="4.29" classname="TestCases.SupportVideosTestCases"/>
  <testcase name="testCase193" time="4.552" classname="TestCases.SupportVideosTestCases"/>
  <testcase name="testCase194" time="4.806" classname="TestCases.SupportVideosTestCases"/>
  <testcase name="testCase195" time="4.569" classname="TestCases.SupportVideosTestCases"/>
  <testcase name="testCase196" time="4.052" classname="TestCases.SupportVideosTestCases"/>
  <testcase name="testCase197" time="4.74" classname="TestCases.SupportVideosTestCases"/>
  <testcase name="testCase198" time="4.135" classname="TestCases.SupportVideosTestCases"/>
  <testcase name="testCase199" time="4.558" classname="TestCases.SupportVideosTestCases"/>
  <testcase name="testCase200" time="4.206" classname="TestCases.SupportVideosTestCases"/>
  <testcase name="testCase201" time="4.313" classname="TestCases.SupportVideosTestCases"/>
  <testcase name="testCase202" time="4.29" classname="TestCases.SupportVideosTestCases"/>
  <testcase name="testCase203" time="4.057" classname="TestCases.SupportVideosTestCases"/>
  <testcase name="testCase204" time="4.088" classname="TestCases.SupportVideosTestCases"/>
  <testcase name="testCase205" time="4.534" classname="TestCases.SupportVideosTestCases"/>
  <testcase name="testCase206" time="4.074" classname="TestCases.SupportVideosTestCases"/>
  <testcase name="testCase207" time="3.344" classname="TestCases.SupportVideosTestCases"/>
  <testcase name="testCase208" time="5.065" classname="TestCases.ProfileTestCases"/>
  <testcase name="testCase209" time="3.989" classname="TestCases.ProfileTestCases"/>
  <testcase name="testCase210" time="3.623" classname="TestCases.ProfileTestCases"/>
  <testcase name="testCase211" time="3.725" classname="TestCases.ProfileTestCases"/>
  <testcase name="testCase213" time="3.708" classname="TestCases.ProfileTestCases">
    <failure type="java.lang.AssertionError" message="Test FAILED">
      <![CDATA[java.lang.AssertionError: Test FAILED
	at TestCases.ProfileTestCases.testCase213(ProfileTestCases.java:213)
... Removed 28 stack frames]]>
    </failure>
  </testcase> <!-- testCase213 -->
  <testcase name="testCase214" time="3.604" classname="TestCases.ProfileTestCases"/>
  <testcase name="testCase215" time="4.468" classname="TestCases.ProfileTestCases"/>
  <testcase name="testCase216" time="3.408" classname="TestCases.ProfileTestCases"/>
  <testcase name="testCase217" time="3.455" classname="TestCases.ProfileTestCases"/>
  <testcase name="testCase218" time="3.641" classname="TestCases.ProfileTestCases"/>
  <testcase name="testCase219" time="3.432" classname="TestCases.ProfileTestCases"/>
  <testcase name="testCase220" time="4.316" classname="TestCases.ProfileTestCases"/>
  <testcase name="testCase221" time="3.825" classname="TestCases.ProfileTestCases"/>
  <testcase name="testCase222" time="3.81" classname="TestCases.ProfileTestCases"/>
  <testcase name="testCase223" time="4.146" classname="TestCases.ProfileTestCases"/>
  <testcase name="testCase224" time="3.813" classname="TestCases.ProfileTestCases"/>
  <testcase name="testCase225" time="3.833" classname="TestCases.ProfileTestCases"/>
  <testcase name="testCase226" time="3.747" classname="TestCases.ProfileTestCases"/>
  <testcase name="testCase227" time="3.674" classname="TestCases.ProfileTestCases"/>
  <testcase name="testCase228" time="3.745" classname="TestCases.ProfileTestCases"/>
  <testcase name="testCase229" time="3.704" classname="TestCases.ProfileTestCases"/>
  <testcase name="testCase230" time="3.699" classname="TestCases.ProfileTestCases"/>
  <testcase name="testCase231" time="4.012" classname="TestCases.ProfileTestCases"/>
  <testcase name="testCase232" time="3.745" classname="TestCases.ProfileTestCases"/>
  <testcase name="testCase233" time="3.856" classname="TestCases.ProfileTestCases"/>
  <testcase name="testCase234" time="3.765" classname="TestCases.ProfileTestCases"/>
  <testcase name="testCase235" time="3.598" classname="TestCases.ProfileTestCases"/>
  <testcase name="testCase236" time="3.787" classname="TestCases.ProfileTestCases"/>
  <testcase name="testCase237" time="3.581" classname="TestCases.ProfileTestCases"/>
  <testcase name="testCase238" time="3.597" classname="TestCases.ProfileTestCases"/>
  <testcase name="testCase239" time="3.709" classname="TestCases.ProfileTestCases"/>
  <testcase name="testCase240" time="4.369" classname="TestCases.ProfileTestCases"/>
  <testcase name="testCase241" time="3.414" classname="TestCases.ProfileTestCases"/>
  <testcase name="testCase242" time="3.709" classname="TestCases.ProfileTestCases"/>
  <testcase name="testCase243" time="3.668" classname="TestCases.ProfileTestCases"/>
  <testcase name="testCase244" time="3.641" classname="TestCases.ProfileTestCases"/>
  <testcase name="testCase245" time="3.534" classname="TestCases.ProfileTestCases"/>
  <testcase name="testCase246" time="3.752" classname="TestCases.ProfileTestCases"/>
  <testcase name="testCase247" time="4.093" classname="TestCases.ProfileTestCases"/>
  <testcase name="testCase248" time="3.741" classname="TestCases.ProfileTestCases"/>
  <testcase name="testCase249" time="3.522" classname="TestCases.PatExtraOptnTestCases"/>
  <testcase name="testCase250" time="2.052" classname="TestCases.PatExtraOptnTestCases"/>
  <testcase name="testCase251" time="1.887" classname="TestCases.PatExtraOptnTestCases"/>
  <testcase name="testCase252" time="1.733" classname="TestCases.PatExtraOptnTestCases"/>
  <testcase name="testCase253" time="1.726" classname="TestCases.PatExtraOptnTestCases"/>
  <testcase name="testCase254" time="1.878" classname="TestCases.PatExtraOptnTestCases"/>
  <testcase name="testCase255" time="1.707" classname="TestCases.PatExtraOptnTestCases"/>
  <testcase name="testCase256" time="2.579" classname="TestCases.PatExtraOptnTestCases"/>
  <testcase name="testCase257" time="1.817" classname="TestCases.PatExtraOptnTestCases"/>
  <testcase name="testCase258" time="2.087" classname="TestCases.PatExtraOptnTestCases"/>
  <testcase name="testCase259" time="1.783" classname="TestCases.PatExtraOptnTestCases"/>
  <testcase name="testCase260" time="3.03" classname="TestCases.PatExtraOptnTestCases"/>
  <testcase name="testCase261" time="3.921" classname="TestCases.PatExtraOptnTestCases">
    <failure type="java.lang.AssertionError" message="Test FAILED">
      <![CDATA[java.lang.AssertionError: Test FAILED
	at TestCases.PatExtraOptnTestCases.testCase261(PatExtraOptnTestCases.java:350)
... Removed 28 stack frames]]>
    </failure>
  </testcase> <!-- testCase261 -->
  <testcase name="testCase262" time="8.961" classname="TestCases.PatExtraOptnTestCases">
    <failure type="java.lang.AssertionError" message="Test FAILED">
      <![CDATA[java.lang.AssertionError: Test FAILED
	at TestCases.PatExtraOptnTestCases.testCase262(PatExtraOptnTestCases.java:373)
... Removed 28 stack frames]]>
    </failure>
  </testcase> <!-- testCase262 -->
  <testcase name="testCase263" time="8.901" classname="TestCases.PatExtraOptnTestCases">
    <failure type="java.lang.AssertionError" message="Test FAILED">
      <![CDATA[java.lang.AssertionError: Test FAILED
	at TestCases.PatExtraOptnTestCases.testCase263(PatExtraOptnTestCases.java:397)
... Removed 28 stack frames]]>
    </failure>
  </testcase> <!-- testCase263 -->
  <testcase name="testCase264" time="3.901" classname="TestCases.PatExtraOptnTestCases">
    <failure type="java.lang.AssertionError" message="Test FAILED">
      <![CDATA[java.lang.AssertionError: Test FAILED
	at TestCases.PatExtraOptnTestCases.testCase264(PatExtraOptnTestCases.java:417)
... Removed 28 stack frames]]>
    </failure>
  </testcase> <!-- testCase264 -->
  <testcase name="testCase265" time="1.672" classname="TestCases.PatExtraOptnTestCases"/>
  <testcase name="testCase266" time="1.708" classname="TestCases.PatExtraOptnTestCases"/>
  <testcase name="testCase267" time="1.817" classname="TestCases.PatExtraOptnTestCases"/>
</testsuite> <!-- Clinician App Chrome Test -->
