<?xml version="1.0" encoding="UTF-8"?>
<!-- Generated by org.testng.reporters.JUnitXMLReporter -->
<testsuite hostname="DESKTOP-5RB1QFG" name="Command line test" tests="19" failures="5" timestamp="20 Jul 2017 22:21:42 GMT" time="109.137" errors="0">
  <testcase name="testCase249" time="6.144" classname="TestCases.PatExtraOptnTestCases">
    <failure type="java.lang.AssertionError" message="Test FAILED">
      <![CDATA[java.lang.AssertionError: Test FAILED
	at TestCases.PatExtraOptnTestCases.testCase249(PatExtraOptnTestCases.java:89)
... Removed 34 stack frames]]>
    </failure>
  </testcase> <!-- testCase249 -->
  <testcase name="testCase250" time="4.98" classname="TestCases.PatExtraOptnTestCases">
    <failure type="java.lang.AssertionError" message="Test FAILED">
      <![CDATA[java.lang.AssertionError: Test FAILED
	at TestCases.PatExtraOptnTestCases.testCase250(PatExtraOptnTestCases.java:112)
... Removed 34 stack frames]]>
    </failure>
  </testcase> <!-- testCase250 -->
  <testcase name="testCase251" time="4.596" classname="TestCases.PatExtraOptnTestCases">
    <failure type="java.lang.AssertionError" message="Test FAILED">
      <![CDATA[java.lang.AssertionError: Test FAILED
	at TestCases.PatExtraOptnTestCases.testCase251(PatExtraOptnTestCases.java:135)
... Removed 34 stack frames]]>
    </failure>
  </testcase> <!-- testCase251 -->
  <testcase name="testCase252" time="1.554" classname="TestCases.PatExtraOptnTestCases"/>
  <testcase name="testCase253" time="1.654" classname="TestCases.PatExtraOptnTestCases"/>
  <testcase name="testCase254" time="1.812" classname="TestCases.PatExtraOptnTestCases"/>
  <testcase name="testCase255" time="1.798" classname="TestCases.PatExtraOptnTestCases"/>
  <testcase name="testCase256" time="1.773" classname="TestCases.PatExtraOptnTestCases"/>
  <testcase name="testCase257" time="1.754" classname="TestCases.PatExtraOptnTestCases"/>
  <testcase name="testCase258" time="1.982" classname="TestCases.PatExtraOptnTestCases"/>
  <testcase name="testCase259" time="1.98" classname="TestCases.PatExtraOptnTestCases"/>
  <testcase name="testCase260" time="2.401" classname="TestCases.PatExtraOptnTestCases"/>
  <testcase name="testCase261" time="1.938" classname="TestCases.PatExtraOptnTestCases"/>
  <testcase name="testCase262" time="9.006" classname="TestCases.PatExtraOptnTestCases">
    <failure type="java.lang.AssertionError" message="Test FAILED">
      <![CDATA[java.lang.AssertionError: Test FAILED
	at TestCases.PatExtraOptnTestCases.testCase262(PatExtraOptnTestCases.java:373)
... Removed 34 stack frames]]>
    </failure>
  </testcase> <!-- testCase262 -->
  <testcase name="testCase263" time="8.762" classname="TestCases.PatExtraOptnTestCases">
    <failure type="java.lang.AssertionError" message="Test FAILED">
      <![CDATA[java.lang.AssertionError: Test FAILED
	at TestCases.PatExtraOptnTestCases.testCase263(PatExtraOptnTestCases.java:397)
... Removed 34 stack frames]]>
    </failure>
  </testcase> <!-- testCase263 -->
  <testcase name="testCase264" time="1.66" classname="TestCases.PatExtraOptnTestCases"/>
  <testcase name="testCase265" time="1.642" classname="TestCases.PatExtraOptnTestCases"/>
  <testcase name="testCase266" time="1.761" classname="TestCases.PatExtraOptnTestCases"/>
  <testcase name="testCase267" time="1.637" classname="TestCases.PatExtraOptnTestCases"/>
</testsuite> <!-- Command line test -->
