<?xml version="1.0" encoding="UTF-8" ?>
<testsuite tests="19" failures="5" name="TestCases.PatExtraOptnTestCases" time="58.869" errors="0" skipped="0">
  <properties>
    <property name="java.runtime.name" value="Java(TM) SE Runtime Environment"/>
    <property name="sun.boot.library.path" value="C:\Program Files\Java\jdk1.8.0_121\jre\bin"/>
    <property name="java.vm.version" value="25.121-b13"/>
    <property name="java.vm.vendor" value="Oracle Corporation"/>
    <property name="maven.multiModuleProjectDirectory" value="C:\Users\User\Documents\NetBeansProjects\camaven"/>
    <property name="java.vendor.url" value="http://java.oracle.com/"/>
    <property name="path.separator" value=";"/>
    <property name="guice.disable.misplaced.annotation.check" value="true"/>
    <property name="java.vm.name" value="Java HotSpot(TM) 64-Bit Server VM"/>
    <property name="file.encoding.pkg" value="sun.io"/>
    <property name="user.script" value=""/>
    <property name="user.country" value="US"/>
    <property name="sun.java.launcher" value="SUN_STANDARD"/>
    <property name="sun.os.patch.level" value=""/>
    <property name="test" value="PatExtraOptnTestCases"/>
    <property name="java.vm.specification.name" value="Java Virtual Machine Specification"/>
    <property name="user.dir" value="C:\Users\User\Documents\NetBeansProjects\camaven"/>
    <property name="java.runtime.version" value="1.8.0_121-b13"/>
    <property name="java.awt.graphicsenv" value="sun.awt.Win32GraphicsEnvironment"/>
    <property name="java.endorsed.dirs" value="C:\Program Files\Java\jdk1.8.0_121\jre\lib\endorsed"/>
    <property name="os.arch" value="amd64"/>
    <property name="java.io.tmpdir" value="C:\Users\User\AppData\Local\Temp\"/>
    <property name="line.separator" value="
"/>
    <property name="java.vm.specification.vendor" value="Oracle Corporation"/>
    <property name="user.variant" value=""/>
    <property name="os.name" value="Windows 10"/>
    <property name="classworlds.conf" value="C:\Program Files\Apache\apache-maven-3.5.0\bin\..\bin\m2.conf"/>
    <property name="sun.jnu.encoding" value="Cp1252"/>
    <property name="java.library.path" value="C:\Program Files\Java\jdk1.8.0_121\bin;C:\Windows\Sun\Java\bin;C:\Windows\system32;C:\Windows;C:\Program Files\Java\jdk1.8.0_121\bin;C:\Program Files (x86)\IntelSWTools\Intel(R)_Media_SDK_2016.0.2\bin\x64;C:\Program Files (x86)\IntelSWTools\Intel(R)_Media_SDK_2016.0.2\bin\win32;C:\Windows\system32;C:\Windows;C:\Windows\System32\Wbem;C:\Windows\System32\WindowsPowerShell\v1.0\;C:\Program Files\Git LFS;C:\Program Files\Git\cmd;C:\Program Files (x86)\GtkSharp\2.12\bin;C:\Program Files\Apache\apache-maven-3.5.0-bin\apache-maven-3.5.0\bin;C:\Program Files (x86)\NVIDIA Corporation\PhysX\Common;C:\Program Files\Apache\apache-maven-3.5.0\bin;C:\Users\User\AppData\Local\Microsoft\WindowsApps;;."/>
    <property name="maven.conf" value="C:\Program Files\Apache\apache-maven-3.5.0\bin\../conf"/>
    <property name="java.specification.name" value="Java Platform API Specification"/>
    <property name="java.class.version" value="52.0"/>
    <property name="sun.management.compiler" value="HotSpot 64-Bit Tiered Compilers"/>
    <property name="os.version" value="10.0"/>
    <property name="library.jansi.path" value="C:\Program Files\Apache\apache-maven-3.5.0\bin\..\lib\jansi-native\windows64"/>
    <property name="user.home" value="C:\Users\User"/>
    <property name="user.timezone" value="America/Los_Angeles"/>
    <property name="java.awt.printerjob" value="sun.awt.windows.WPrinterJob"/>
    <property name="java.specification.version" value="1.8"/>
    <property name="file.encoding" value="Cp1252"/>
    <property name="user.name" value="User"/>
    <property name="java.class.path" value="C:\Program Files\Apache\apache-maven-3.5.0\bin\..\boot\plexus-classworlds-2.5.2.jar"/>
    <property name="java.vm.specification.version" value="1.8"/>
    <property name="sun.arch.data.model" value="64"/>
    <property name="java.home" value="C:\Program Files\Java\jdk1.8.0_121\jre"/>
    <property name="sun.java.command" value="org.codehaus.plexus.classworlds.launcher.Launcher test -Dtest=PatExtraOptnTestCases"/>
    <property name="java.specification.vendor" value="Oracle Corporation"/>
    <property name="user.language" value="en"/>
    <property name="awt.toolkit" value="sun.awt.windows.WToolkit"/>
    <property name="java.vm.info" value="mixed mode"/>
    <property name="java.version" value="1.8.0_121"/>
    <property name="java.ext.dirs" value="C:\Program Files\Java\jdk1.8.0_121\jre\lib\ext;C:\Windows\Sun\Java\lib\ext"/>
    <property name="sun.boot.class.path" value="C:\Program Files\Java\jdk1.8.0_121\jre\lib\resources.jar;C:\Program Files\Java\jdk1.8.0_121\jre\lib\rt.jar;C:\Program Files\Java\jdk1.8.0_121\jre\lib\sunrsasign.jar;C:\Program Files\Java\jdk1.8.0_121\jre\lib\jsse.jar;C:\Program Files\Java\jdk1.8.0_121\jre\lib\jce.jar;C:\Program Files\Java\jdk1.8.0_121\jre\lib\charsets.jar;C:\Program Files\Java\jdk1.8.0_121\jre\lib\jfr.jar;C:\Program Files\Java\jdk1.8.0_121\jre\classes"/>
    <property name="sun.stderr.encoding" value="cp437"/>
    <property name="java.vendor" value="Oracle Corporation"/>
    <property name="maven.home" value="C:\Program Files\Apache\apache-maven-3.5.0\bin\.."/>
    <property name="file.separator" value="\"/>
    <property name="java.vendor.url.bug" value="http://bugreport.sun.com/bugreport/"/>
    <property name="sun.cpu.endian" value="little"/>
    <property name="sun.io.unicode.encoding" value="UnicodeLittle"/>
    <property name="sun.stdout.encoding" value="cp437"/>
    <property name="sun.desktop" value="windows"/>
    <property name="sun.cpu.isalist" value="amd64"/>
  </properties>
  <testcase classname="TestCases.PatExtraOptnTestCases" name="testCase249" time="6.147">
    <failure message="Test FAILED" type="java.lang.AssertionError">java.lang.AssertionError: Test FAILED
	at org.testng.Assert.fail(Assert.java:94)
	at TestCases.PatExtraOptnTestCases.testCase249(PatExtraOptnTestCases.java:89)
</failure>
    <system-out>Configuring TestNG with: org.apache.maven.surefire.testng.conf.TestNG652Configurator@39a054a5
(07/20/17) - 15:19:57 INFO  PatExtraOptnTestCases.testCase249 - Opened: https://test-maint-wc.test.reflexionhealth.com
(07/20/17) - 15:19:58 INFO  LogInPg.logIn - Email for Login: andres.gomez+testmaint@reflexionhealth.com
(07/20/17) - 15:19:58 INFO  LogInPg.logIn - Password for Login: Reflexion1
(07/20/17) - 15:19:58 INFO  LogInPg.logIn - Submit button clicked
(07/20/17) - 15:19:59 INFO  PatientListPg.clickExtraOptn - Clicked Extra Options
</system-out>
    <system-err>Starting ChromeDriver 2.28.455520 (cc17746adff54984afff480136733114c6b3704b) on port 37022
Only local connections are allowed.
Jul 20, 2017 3:19:55 PM org.openqa.selenium.remote.ProtocolHandshake createSession
INFO: Detected dialect: OSS
</system-err>
  </testcase>
  <testcase classname="TestCases.PatExtraOptnTestCases" name="testCase250" time="4.98">
    <failure message="Test FAILED" type="java.lang.AssertionError">java.lang.AssertionError: Test FAILED
	at org.testng.Assert.fail(Assert.java:94)
	at TestCases.PatExtraOptnTestCases.testCase250(PatExtraOptnTestCases.java:112)
</failure>
    <system-out>(07/20/17) - 15:20:05 INFO  PatExtraOptnTestCases.testCase250 - Opened: https://test-maint-wc.test.reflexionhealth.com
(07/20/17) - 15:20:05 INFO  LogInPg.logIn - Email for Login: andres.gomez+testmaint@reflexionhealth.com
(07/20/17) - 15:20:05 INFO  LogInPg.logIn - Password for Login: Reflexion1
(07/20/17) - 15:20:05 INFO  LogInPg.logIn - Submit button clicked
(07/20/17) - 15:20:06 INFO  PatientListPg.clickExtraOptn - Clicked Extra Options
</system-out>
  </testcase>
  <testcase classname="TestCases.PatExtraOptnTestCases" name="testCase251" time="4.596">
    <failure message="Test FAILED" type="java.lang.AssertionError">java.lang.AssertionError: Test FAILED
	at org.testng.Assert.fail(Assert.java:94)
	at TestCases.PatExtraOptnTestCases.testCase251(PatExtraOptnTestCases.java:135)
</failure>
    <system-out>(07/20/17) - 15:20:12 INFO  PatExtraOptnTestCases.testCase251 - Opened: https://test-maint-wc.test.reflexionhealth.com
(07/20/17) - 15:20:12 INFO  LogInPg.logIn - Email for Login: andres.gomez+testmaint@reflexionhealth.com
(07/20/17) - 15:20:12 INFO  LogInPg.logIn - Password for Login: Reflexion1
(07/20/17) - 15:20:12 INFO  LogInPg.logIn - Submit button clicked
(07/20/17) - 15:20:13 INFO  PatientListPg.clickExtraOptn - Clicked Extra Options
</system-out>
  </testcase>
  <testcase classname="TestCases.PatExtraOptnTestCases" name="testCase252" time="1.555"/>
  <testcase classname="TestCases.PatExtraOptnTestCases" name="testCase253" time="1.656"/>
  <testcase classname="TestCases.PatExtraOptnTestCases" name="testCase254" time="1.813"/>
  <testcase classname="TestCases.PatExtraOptnTestCases" name="testCase255" time="1.801"/>
  <testcase classname="TestCases.PatExtraOptnTestCases" name="testCase256" time="1.773"/>
  <testcase classname="TestCases.PatExtraOptnTestCases" name="testCase257" time="1.756"/>
  <testcase classname="TestCases.PatExtraOptnTestCases" name="testCase258" time="1.983"/>
  <testcase classname="TestCases.PatExtraOptnTestCases" name="testCase259" time="1.988"/>
  <testcase classname="TestCases.PatExtraOptnTestCases" name="testCase260" time="2.402"/>
  <testcase classname="TestCases.PatExtraOptnTestCases" name="testCase261" time="1.938"/>
  <testcase classname="TestCases.PatExtraOptnTestCases" name="testCase262" time="9.006">
    <failure message="Test FAILED" type="java.lang.AssertionError">java.lang.AssertionError: Test FAILED
	at org.testng.Assert.fail(Assert.java:94)
	at TestCases.PatExtraOptnTestCases.testCase262(PatExtraOptnTestCases.java:373)
</failure>
    <system-out>(07/20/17) - 15:21:01 INFO  PatExtraOptnTestCases.testCase262 - Opened: https://test-maint-wc.test.reflexionhealth.com
(07/20/17) - 15:21:02 INFO  LogInPg.logIn - Email for Login: andres.gomez+testmaint@reflexionhealth.com
(07/20/17) - 15:21:02 INFO  LogInPg.logIn - Password for Login: Reflexion1
(07/20/17) - 15:21:02 INFO  LogInPg.logIn - Submit button clicked
(07/20/17) - 15:21:03 INFO  PatientListPg.clickExtraOptn - Clicked Extra Options
</system-out>
  </testcase>
  <testcase classname="TestCases.PatExtraOptnTestCases" name="testCase263" time="8.763">
    <failure message="Test FAILED" type="java.lang.AssertionError">java.lang.AssertionError: Test FAILED
	at org.testng.Assert.fail(Assert.java:94)
	at TestCases.PatExtraOptnTestCases.testCase263(PatExtraOptnTestCases.java:397)
</failure>
    <system-out>(07/20/17) - 15:21:12 INFO  PatExtraOptnTestCases.testCase263 - Opened: https://test-maint-wc.test.reflexionhealth.com
(07/20/17) - 15:21:13 INFO  LogInPg.logIn - Email for Login: andres.gomez+testmaint@reflexionhealth.com
(07/20/17) - 15:21:13 INFO  LogInPg.logIn - Password for Login: Reflexion1
(07/20/17) - 15:21:13 INFO  LogInPg.logIn - Submit button clicked
(07/20/17) - 15:21:14 INFO  PatientListPg.clickExtraOptn - Clicked Extra Options
</system-out>
  </testcase>
  <testcase classname="TestCases.PatExtraOptnTestCases" name="testCase264" time="1.659"/>
  <testcase classname="TestCases.PatExtraOptnTestCases" name="testCase265" time="1.648"/>
  <testcase classname="TestCases.PatExtraOptnTestCases" name="testCase266" time="1.764"/>
  <testcase classname="TestCases.PatExtraOptnTestCases" name="testCase267" time="1.641"/>
</testsuite>