<?xml version="1.0" encoding="UTF-8" ?>
<testsuite tests="18" failures="4" name="TestCases.LoginTestCases" time="36.601" errors="0" skipped="0">
  <properties>
    <property name="java.runtime.name" value="Java(TM) SE Runtime Environment"/>
    <property name="sun.boot.library.path" value="C:\Program Files\Java\jdk1.8.0_121\jre\bin"/>
    <property name="java.vm.version" value="25.121-b13"/>
    <property name="java.vm.vendor" value="Oracle Corporation"/>
    <property name="maven.multiModuleProjectDirectory" value="C:\Users\User\Documents\NetBeansProjects\camaven"/>
    <property name="java.vendor.url" value="http://java.oracle.com/"/>
    <property name="path.separator" value=";"/>
    <property name="guice.disable.misplaced.annotation.check" value="true"/>
    <property name="java.vm.name" value="Java HotSpot(TM) 64-Bit Server VM"/>
    <property name="file.encoding.pkg" value="sun.io"/>
    <property name="user.script" value=""/>
    <property name="user.country" value="US"/>
    <property name="sun.java.launcher" value="SUN_STANDARD"/>
    <property name="sun.os.patch.level" value=""/>
    <property name="test" value="LoginTestCases"/>
    <property name="java.vm.specification.name" value="Java Virtual Machine Specification"/>
    <property name="user.dir" value="C:\Users\User\Documents\NetBeansProjects\camaven"/>
    <property name="java.runtime.version" value="1.8.0_121-b13"/>
    <property name="java.awt.graphicsenv" value="sun.awt.Win32GraphicsEnvironment"/>
    <property name="java.endorsed.dirs" value="C:\Program Files\Java\jdk1.8.0_121\jre\lib\endorsed"/>
    <property name="os.arch" value="amd64"/>
    <property name="java.io.tmpdir" value="C:\Users\User\AppData\Local\Temp\"/>
    <property name="line.separator" value="
"/>
    <property name="java.vm.specification.vendor" value="Oracle Corporation"/>
    <property name="user.variant" value=""/>
    <property name="os.name" value="Windows 10"/>
    <property name="classworlds.conf" value="C:\Program Files\Apache\apache-maven-3.5.0\bin\..\bin\m2.conf"/>
    <property name="sun.jnu.encoding" value="Cp1252"/>
    <property name="java.library.path" value="C:\Program Files\Java\jdk1.8.0_121\bin;C:\Windows\Sun\Java\bin;C:\Windows\system32;C:\Windows;C:\Program Files\Java\jdk1.8.0_121\bin;C:\Program Files (x86)\IntelSWTools\Intel(R)_Media_SDK_2016.0.2\bin\x64;C:\Program Files (x86)\IntelSWTools\Intel(R)_Media_SDK_2016.0.2\bin\win32;C:\Windows\system32;C:\Windows;C:\Windows\System32\Wbem;C:\Windows\System32\WindowsPowerShell\v1.0\;C:\Program Files\Git LFS;C:\Program Files\Git\cmd;C:\Program Files (x86)\GtkSharp\2.12\bin;C:\Program Files\Apache\apache-maven-3.5.0-bin\apache-maven-3.5.0\bin;C:\Program Files (x86)\NVIDIA Corporation\PhysX\Common;C:\Program Files\Apache\apache-maven-3.5.0\bin;C:\Users\User\AppData\Local\Microsoft\WindowsApps;;."/>
    <property name="maven.conf" value="C:\Program Files\Apache\apache-maven-3.5.0\bin\../conf"/>
    <property name="java.specification.name" value="Java Platform API Specification"/>
    <property name="java.class.version" value="52.0"/>
    <property name="sun.management.compiler" value="HotSpot 64-Bit Tiered Compilers"/>
    <property name="os.version" value="10.0"/>
    <property name="library.jansi.path" value="C:\Program Files\Apache\apache-maven-3.5.0\bin\..\lib\jansi-native\windows64"/>
    <property name="user.home" value="C:\Users\User"/>
    <property name="user.timezone" value="America/Los_Angeles"/>
    <property name="java.awt.printerjob" value="sun.awt.windows.WPrinterJob"/>
    <property name="java.specification.version" value="1.8"/>
    <property name="file.encoding" value="Cp1252"/>
    <property name="user.name" value="User"/>
    <property name="java.class.path" value="C:\Program Files\Apache\apache-maven-3.5.0\bin\..\boot\plexus-classworlds-2.5.2.jar"/>
    <property name="java.vm.specification.version" value="1.8"/>
    <property name="sun.arch.data.model" value="64"/>
    <property name="java.home" value="C:\Program Files\Java\jdk1.8.0_121\jre"/>
    <property name="sun.java.command" value="org.codehaus.plexus.classworlds.launcher.Launcher test -Dtest=LoginTestCases"/>
    <property name="java.specification.vendor" value="Oracle Corporation"/>
    <property name="user.language" value="en"/>
    <property name="awt.toolkit" value="sun.awt.windows.WToolkit"/>
    <property name="java.vm.info" value="mixed mode"/>
    <property name="java.version" value="1.8.0_121"/>
    <property name="java.ext.dirs" value="C:\Program Files\Java\jdk1.8.0_121\jre\lib\ext;C:\Windows\Sun\Java\lib\ext"/>
    <property name="sun.boot.class.path" value="C:\Program Files\Java\jdk1.8.0_121\jre\lib\resources.jar;C:\Program Files\Java\jdk1.8.0_121\jre\lib\rt.jar;C:\Program Files\Java\jdk1.8.0_121\jre\lib\sunrsasign.jar;C:\Program Files\Java\jdk1.8.0_121\jre\lib\jsse.jar;C:\Program Files\Java\jdk1.8.0_121\jre\lib\jce.jar;C:\Program Files\Java\jdk1.8.0_121\jre\lib\charsets.jar;C:\Program Files\Java\jdk1.8.0_121\jre\lib\jfr.jar;C:\Program Files\Java\jdk1.8.0_121\jre\classes"/>
    <property name="sun.stderr.encoding" value="cp437"/>
    <property name="java.vendor" value="Oracle Corporation"/>
    <property name="maven.home" value="C:\Program Files\Apache\apache-maven-3.5.0\bin\.."/>
    <property name="file.separator" value="\"/>
    <property name="java.vendor.url.bug" value="http://bugreport.sun.com/bugreport/"/>
    <property name="sun.cpu.endian" value="little"/>
    <property name="sun.io.unicode.encoding" value="UnicodeLittle"/>
    <property name="sun.stdout.encoding" value="cp437"/>
    <property name="sun.desktop" value="windows"/>
    <property name="sun.cpu.isalist" value="amd64"/>
  </properties>
  <testcase classname="TestCases.LoginTestCases" name="testCase001" time="2.169"/>
  <testcase classname="TestCases.LoginTestCases" name="testCase002" time="0.772"/>
  <testcase classname="TestCases.LoginTestCases" name="testCase003" time="4.134"/>
  <testcase classname="TestCases.LoginTestCases" name="testCase004" time="0.665"/>
  <testcase classname="TestCases.LoginTestCases" name="testCase005" time="0.998"/>
  <testcase classname="TestCases.LoginTestCases" name="testCase006" time="1.237"/>
  <testcase classname="TestCases.LoginTestCases" name="testCase007" time="1.029"/>
  <testcase classname="TestCases.LoginTestCases" name="testCase008" time="0.962"/>
  <testcase classname="TestCases.LoginTestCases" name="testCase009" time="4.027"/>
  <testcase classname="TestCases.LoginTestCases" name="testCase010" time="4.362"/>
  <testcase classname="TestCases.LoginTestCases" name="testCase011" time="1.255"/>
  <testcase classname="TestCases.LoginTestCases" name="testCase012" time="1.123"/>
  <testcase classname="TestCases.LoginTestCases" name="testCase013" time="6.399">
    <failure message="Test FAILED" type="java.lang.AssertionError">java.lang.AssertionError: Test FAILED
	at org.testng.Assert.fail(Assert.java:94)
	at TestCases.LoginTestCases.testCase013(LoginTestCases.java:312)
</failure>
    <system-out>(07/20/17) - 13:41:33 INFO  LoginTestCases.testCase013 - Opened: https://test-maint-wc.test.reflexionhealth.com
(07/20/17) - 13:41:33 INFO  LogInPg.clickResetPw - Clicked Send Reset Link Button
</system-out>
  </testcase>
  <testcase classname="TestCases.LoginTestCases" name="testCase014" time="3.148"/>
  <testcase classname="TestCases.LoginTestCases" name="testCase015" time="0.735"/>
  <testcase classname="TestCases.LoginTestCases" name="testCase016" time="1.413">
    <failure message="Test FAILED" type="java.lang.AssertionError">java.lang.AssertionError: Test FAILED
	at org.testng.Assert.fail(Assert.java:94)
	at TestCases.LoginTestCases.testCase016(LoginTestCases.java:370)
</failure>
    <system-out>(07/20/17) - 13:41:50 INFO  LoginTestCases.testCase016 - Opened: https://test-maint-wc.test.reflexionhealth.com
(07/20/17) - 13:41:51 INFO  LogInPg.logIn - Email for Login: andres.gomez+testmaint@reflexionhealth.com
(07/20/17) - 13:41:51 INFO  LogInPg.logIn - Password for Login: Reflexion1
</system-out>
  </testcase>
  <testcase classname="TestCases.LoginTestCases" name="testCase017" time="0.907">
    <failure message="Test FAILED" type="java.lang.AssertionError">java.lang.AssertionError: Test FAILED
	at org.testng.Assert.fail(Assert.java:94)
	at TestCases.LoginTestCases.testCase017(LoginTestCases.java:392)
</failure>
    <system-out>(07/20/17) - 13:41:54 INFO  LoginTestCases.testCase017 - Opened: https://test-maint-wc.test.reflexionhealth.com
(07/20/17) - 13:41:54 INFO  LogInPg.logIn - Email for Login: andres.gomez+testmaint@reflexionhealth.com
(07/20/17) - 13:41:54 INFO  LogInPg.logIn - Password for Login: Reflexion1
</system-out>
  </testcase>
  <testcase classname="TestCases.LoginTestCases" name="testCase018" time="1.266">
    <failure message="Test FAILED" type="java.lang.AssertionError">java.lang.AssertionError: Test FAILED
	at org.testng.Assert.fail(Assert.java:94)
	at TestCases.LoginTestCases.testCase018(LoginTestCases.java:414)
</failure>
    <system-out>(07/20/17) - 13:41:57 INFO  LoginTestCases.testCase018 - Opened: https://test-maint-wc.test.reflexionhealth.com
(07/20/17) - 13:41:57 INFO  LogInPg.logIn - Email for Login: andres.gomez+testmaint@reflexionhealth.com
(07/20/17) - 13:41:57 INFO  LogInPg.logIn - Password for Login: Reflexion1
</system-out>
  </testcase>
</testsuite>