<?xml version="1.0" encoding="UTF-8"?>
<!-- Generated by org.testng.reporters.JUnitXMLReporter -->
<testsuite hostname="DESKTOP-5RB1QFG" name="Clinician App Firefox Test" tests="250" failures="16" timestamp="16 Aug 2017 16:48:34 GMT" time="2142.864" errors="0">
  <testcase name="testCase001" time="2.148" classname="TestCases.LoginTestCases"/>
  <testcase name="testCase002" time="0.892" classname="TestCases.LoginTestCases"/>
  <testcase name="testCase003" time="4.312" classname="TestCases.LoginTestCases"/>
  <testcase name="testCase004" time="0.672" classname="TestCases.LoginTestCases"/>
  <testcase name="testCase005" time="1.179" classname="TestCases.LoginTestCases"/>
  <testcase name="testCase006" time="2.639" classname="TestCases.LoginTestCases"/>
  <testcase name="testCase007" time="1.193" classname="TestCases.LoginTestCases"/>
  <testcase name="testCase008" time="1.079" classname="TestCases.LoginTestCases"/>
  <testcase name="testCase009" time="4.689" classname="TestCases.LoginTestCases"/>
  <testcase name="testCase010" time="4.714" classname="TestCases.LoginTestCases"/>
  <testcase name="testCase011" time="0.931" classname="TestCases.LoginTestCases"/>
  <testcase name="testCase012" time="1.243" classname="TestCases.LoginTestCases"/>
  <testcase name="testCase013" time="4.01" classname="TestCases.LoginTestCases"/>
  <testcase name="testCase014" time="3.395" classname="TestCases.LoginTestCases"/>
  <testcase name="testCase015" time="0.746" classname="TestCases.LoginTestCases"/>
  <testcase name="testCase016" time="1.559" classname="TestCases.LoginTestCases">
    <failure type="java.lang.AssertionError" message="Test FAILED">
      <![CDATA[java.lang.AssertionError: Test FAILED
	at TestCases.LoginTestCases.testCase016(LoginTestCases.java:370)
... Removed 28 stack frames]]>
    </failure>
  </testcase> <!-- testCase016 -->
  <testcase name="testCase017" time="1.424" classname="TestCases.LoginTestCases">
    <failure type="java.lang.AssertionError" message="Test FAILED">
      <![CDATA[java.lang.AssertionError: Test FAILED
	at TestCases.LoginTestCases.testCase017(LoginTestCases.java:392)
... Removed 28 stack frames]]>
    </failure>
  </testcase> <!-- testCase017 -->
  <testcase name="testCase018" time="0.898" classname="TestCases.LoginTestCases">
    <failure type="java.lang.AssertionError" message="Test FAILED">
      <![CDATA[java.lang.AssertionError: Test FAILED
	at TestCases.LoginTestCases.testCase018(LoginTestCases.java:414)
... Removed 28 stack frames]]>
    </failure>
  </testcase> <!-- testCase018 -->
  <testcase name="testCase019" time="7.344" classname="TestCases.ProtocolTestCases"/>
  <testcase name="testCase020" time="6.239" classname="TestCases.ProtocolTestCases"/>
  <testcase name="testCase021" time="6.625" classname="TestCases.ProtocolTestCases"/>
  <testcase name="testCase022" time="6.946" classname="TestCases.ProtocolTestCases"/>
  <testcase name="testCase023" time="6.435" classname="TestCases.ProtocolTestCases"/>
  <testcase name="testCase024" time="6.496" classname="TestCases.ProtocolTestCases"/>
  <testcase name="testCase025" time="7.192" classname="TestCases.ProtocolTestCases"/>
  <testcase name="testCase026" time="6.661" classname="TestCases.ProtocolTestCases"/>
  <testcase name="testCase027" time="7.591" classname="TestCases.ProtocolTestCases"/>
  <testcase name="testCase028" time="9.132" classname="TestCases.ProtocolTestCases"/>
  <testcase name="testCase029" time="8.174" classname="TestCases.ProtocolTestCases"/>
  <testcase name="testCase030" time="8.499" classname="TestCases.ProtocolTestCases"/>
  <testcase name="testCase031" time="22.836" classname="TestCases.ProtocolTestCases"/>
  <testcase name="testCase032" time="7.939" classname="TestCases.ProtocolTestCases"/>
  <testcase name="testCase033" time="7.859" classname="TestCases.ProtocolTestCases"/>
  <testcase name="testCase034" time="8.069" classname="TestCases.ProtocolTestCases"/>
  <testcase name="testCase035" time="8.218" classname="TestCases.ProtocolTestCases"/>
  <testcase name="testCase036" time="7.664" classname="TestCases.ProtocolTestCases"/>
  <testcase name="testCase037" time="8.208" classname="TestCases.ProtocolTestCases"/>
  <testcase name="testCase038" time="7.972" classname="TestCases.ProtocolTestCases"/>
  <testcase name="testCase039" time="7.728" classname="TestCases.ProtocolTestCases"/>
  <testcase name="testCase040" time="7.868" classname="TestCases.ProtocolTestCases"/>
  <testcase name="testCase041" time="8.551" classname="TestCases.ProtocolTestCases"/>
  <testcase name="testCase042" time="7.694" classname="TestCases.ProtocolTestCases"/>
  <testcase name="testCase043" time="9.445" classname="TestCases.ProtocolTestCases"/>
  <testcase name="testCase044" time="8.373" classname="TestCases.ProtocolTestCases"/>
  <testcase name="testCase045" time="8.901" classname="TestCases.ProtocolTestCases"/>
  <testcase name="testCase046" time="8.797" classname="TestCases.ProtocolTestCases"/>
  <testcase name="testCase047" time="8.319" classname="TestCases.ProtocolTestCases"/>
  <testcase name="testCase048" time="8.247" classname="TestCases.ProtocolTestCases"/>
  <testcase name="testCase049" time="9.816" classname="TestCases.ProtocolTestCases"/>
  <testcase name="testCase050" time="8.436" classname="TestCases.ProtocolTestCases"/>
  <testcase name="testCase051" time="8.942" classname="TestCases.ProtocolTestCases"/>
  <testcase name="testCase052" time="48.045" classname="TestCases.ProtocolTestCases">
    <failure type="java.lang.AssertionError" message="Test FAILED">
      <![CDATA[java.lang.AssertionError: Test FAILED
	at TestCases.ProtocolTestCases.testCase052(ProtocolTestCases.java:1060)
... Removed 28 stack frames]]>
    </failure>
  </testcase> <!-- testCase052 -->
  <testcase name="testCase053" time="9.996" classname="TestCases.ProtocolTestCases"/>
  <testcase name="testCase054" time="11.347" classname="TestCases.ProtocolTestCases"/>
  <testcase name="testCase055" time="6.577" classname="TestCases.ProtocolTestCases"/>
  <testcase name="testCase056" time="6.906" classname="TestCases.ProtocolTestCases"/>
  <testcase name="testCase057" time="6.782" classname="TestCases.ProtocolTestCases"/>
  <testcase name="testCase058" time="7.401" classname="TestCases.ProtocolTestCases"/>
  <testcase name="testCase059" time="7.472" classname="TestCases.ProtocolTestCases"/>
  <testcase name="testCase060" time="7.591" classname="TestCases.ProtocolTestCases"/>
  <testcase name="testCase061" time="7.776" classname="TestCases.ProtocolTestCases"/>
  <testcase name="testCase062" time="8.629" classname="TestCases.ProtocolTestCases"/>
  <testcase name="testCase063" time="8.584" classname="TestCases.ProtocolTestCases"/>
  <testcase name="testCase064" time="8.008" classname="TestCases.ProtocolTestCases"/>
  <testcase name="testCase065" time="8.152" classname="TestCases.ProtocolTestCases"/>
  <testcase name="testCase066" time="8.135" classname="TestCases.ProtocolTestCases"/>
  <testcase name="testCase067" time="9.781" classname="TestCases.ProtocolTestCases"/>
  <testcase name="testCase068" time="7.963" classname="TestCases.ProtocolTestCases"/>
  <testcase name="testCase069" time="8.649" classname="TestCases.ProtocolTestCases"/>
  <testcase name="testCase070" time="8.291" classname="TestCases.ProtocolTestCases"/>
  <testcase name="testCase071" time="8.074" classname="TestCases.ProtocolTestCases"/>
  <testcase name="testCase072" time="7.697" classname="TestCases.ProtocolTestCases"/>
  <testcase name="testCase073" time="8.292" classname="TestCases.ProtocolTestCases"/>
  <testcase name="testCase074" time="8.424" classname="TestCases.ProtocolTestCases"/>
  <testcase name="testCase075" time="7.694" classname="TestCases.ProtocolTestCases"/>
  <testcase name="testCase076" time="8.671" classname="TestCases.ProtocolTestCases"/>
  <testcase name="testCase077" time="11.444" classname="TestCases.ProtocolTestCases"/>
  <testcase name="testCase078" time="10.506" classname="TestCases.ProtocolTestCases"/>
  <testcase name="testCase079" time="48.231" classname="TestCases.ProtocolTestCases">
    <failure type="java.lang.AssertionError" message="Test FAILED">
      <![CDATA[java.lang.AssertionError: Test FAILED
	at TestCases.ProtocolTestCases.testCase079(ProtocolTestCases.java:1882)
... Removed 28 stack frames]]>
    </failure>
  </testcase> <!-- testCase079 -->
  <testcase name="testCase080" time="5.075" classname="TestCases.ForgotPassTestCases"/>
  <testcase name="testCase081" time="2.865" classname="TestCases.ForgotPassTestCases"/>
  <testcase name="testCase082" time="0.702" classname="TestCases.ForgotPassTestCases"/>
  <testcase name="testCase083" time="0.661" classname="TestCases.ForgotPassTestCases"/>
  <testcase name="testCase084" time="0.702" classname="TestCases.ForgotPassTestCases"/>
  <testcase name="testCase090" time="6.17" classname="TestCases.HomePageTestCases"/>
  <testcase name="testCase092" time="7.218" classname="TestCases.HomePageTestCases"/>
  <testcase name="testCase094" time="7.283" classname="TestCases.HomePageTestCases"/>
  <testcase name="testCase095" time="7.407" classname="TestCases.HomePageTestCases"/>
  <testcase name="testCase096" time="4.368" classname="TestCases.HomePageTestCases"/>
  <testcase name="testCase097" time="4.13" classname="TestCases.HomePageTestCases"/>
  <testcase name="testCase098" time="3.968" classname="TestCases.HomePageTestCases"/>
  <testcase name="testCase099" time="3.967" classname="TestCases.HomePageTestCases"/>
  <testcase name="testCase100" time="4.179" classname="TestCases.HomePageTestCases"/>
  <testcase name="testCase101" time="4.675" classname="TestCases.HomePageTestCases"/>
  <testcase name="testCase102" time="4.605" classname="TestCases.HomePageTestCases"/>
  <testcase name="testCase103" time="4.939" classname="TestCases.HomePageTestCases"/>
  <testcase name="testCase104" time="5.137" classname="TestCases.HomePageTestCases"/>
  <testcase name="testCase105" time="5.227" classname="TestCases.HomePageTestCases"/>
  <testcase name="testCase106" time="5.859" classname="TestCases.HomePageTestCases"/>
  <testcase name="testCase107" time="5.664" classname="TestCases.HomePageTestCases"/>
  <testcase name="testCase108" time="7.794" classname="TestCases.HomePageTestCases"/>
  <testcase name="testCase109" time="6.817" classname="TestCases.HomePageTestCases"/>
  <testcase name="testCase110" time="7.497" classname="TestCases.HomePageTestCases"/>
  <testcase name="testCase119" time="5.39" classname="TestCases.ClinicianTestCases"/>
  <testcase name="testCase120" time="4.234" classname="TestCases.ClinicianTestCases"/>
  <testcase name="testCase121" time="4.633" classname="TestCases.ClinicianTestCases"/>
  <testcase name="testCase122" time="4.393" classname="TestCases.ClinicianTestCases"/>
  <testcase name="testCase123" time="12.116" classname="TestCases.ClinicianTestCases">
    <failure type="java.lang.AssertionError" message="Test FAILED">
      <![CDATA[java.lang.AssertionError: Test FAILED
	at TestCases.ClinicianTestCases.testCase123(ClinicianTestCases.java:191)
... Removed 28 stack frames]]>
    </failure>
  </testcase> <!-- testCase123 -->
  <testcase name="testCase124" time="7.273" classname="TestCases.ClinicianTestCases"/>
  <testcase name="testCase125" time="7.279" classname="TestCases.ClinicianTestCases"/>
  <testcase name="testCase126" time="6.951" classname="TestCases.ClinicianTestCases"/>
  <testcase name="testCase127" time="7.423" classname="TestCases.ClinicianTestCases"/>
  <testcase name="testCase128" time="7.418" classname="TestCases.ClinicianTestCases"/>
  <testcase name="testCase129" time="5.625" classname="TestCases.ClinicianTestCases"/>
  <testcase name="testCase130" time="4.796" classname="TestCases.ClinicianTestCases"/>
  <testcase name="testCase131" time="4.228" classname="TestCases.ClinicianTestCases"/>
  <testcase name="testCase132" time="4.2" classname="TestCases.ClinicianTestCases"/>
  <testcase name="testCase133" time="4.234" classname="TestCases.ClinicianTestCases"/>
  <testcase name="testCase134" time="4.263" classname="TestCases.ClinicianTestCases"/>
  <testcase name="testCase135" time="4.789" classname="TestCases.ClinicianTestCases"/>
  <testcase name="testCase136" time="4.951" classname="TestCases.ClinicianTestCases"/>
  <testcase name="testCase137" time="4.96" classname="TestCases.ClinicianTestCases"/>
  <testcase name="testCase138" time="4.245" classname="TestCases.ClinicianTestCases"/>
  <testcase name="testCase139" time="4.907" classname="TestCases.ClinicianTestCases"/>
  <testcase name="testCase140" time="4.966" classname="TestCases.ClinicianTestCases"/>
  <testcase name="testCase141" time="5.11" classname="TestCases.ClinicianTestCases"/>
  <testcase name="testCase142" time="5.461" classname="TestCases.ClinicianTestCases"/>
  <testcase name="testCase143" time="5.1" classname="TestCases.ClinicianTestCases"/>
  <testcase name="testCase144" time="4.669" classname="TestCases.ClinicianTestCases"/>
  <testcase name="testCase145" time="5.24" classname="TestCases.ClinicianTestCases"/>
  <testcase name="testCase146" time="5.279" classname="TestCases.ClinicianTestCases"/>
  <testcase name="testCase147" time="6.127" classname="TestCases.ClinicianTestCases"/>
  <testcase name="testCase148" time="5.882" classname="TestCases.ClinicianTestCases"/>
  <testcase name="testCase149" time="5.014" classname="TestCases.ClinicianTestCases"/>
  <testcase name="testCase150" time="5.975" classname="TestCases.ClinicianTestCases"/>
  <testcase name="testCase151" time="5.1" classname="TestCases.ClinicianTestCases"/>
  <testcase name="testCase152" time="4.985" classname="TestCases.ClinicianTestCases"/>
  <testcase name="testCase153" time="5.693" classname="TestCases.ClinicianTestCases"/>
  <testcase name="testCase154" time="5.32" classname="TestCases.ClinicianTestCases"/>
  <testcase name="testCase155" time="5.081" classname="TestCases.ClinicianTestCases"/>
  <testcase name="testCase156" time="5.79" classname="TestCases.ClinicianTestCases"/>
  <testcase name="testCase157" time="5.787" classname="TestCases.ClinicianTestCases"/>
  <testcase name="testCase158" time="5.647" classname="TestCases.ClinicianTestCases"/>
  <testcase name="testCase159" time="6.491" classname="TestCases.NavBarFooterTestCases"/>
  <testcase name="testCase160" time="4.508" classname="TestCases.NavBarFooterTestCases"/>
  <testcase name="testCase161" time="4.503" classname="TestCases.NavBarFooterTestCases"/>
  <testcase name="testCase162" time="4.951" classname="TestCases.NavBarFooterTestCases"/>
  <testcase name="testCase163" time="4.437" classname="TestCases.NavBarFooterTestCases"/>
  <testcase name="testCase164" time="4.828" classname="TestCases.NavBarFooterTestCases"/>
  <testcase name="testCase165" time="4.552" classname="TestCases.NavBarFooterTestCases"/>
  <testcase name="testCase166" time="2.038" classname="TestCases.NavBarFooterTestCases">
    <failure type="java.lang.AssertionError" message="Test FAILED">
      <![CDATA[java.lang.AssertionError: Test FAILED
	at TestCases.NavBarFooterTestCases.testCase166(NavBarFooterTestCases.java:229)
... Removed 28 stack frames]]>
    </failure>
  </testcase> <!-- testCase166 -->
  <testcase name="testCase167" time="1.605" classname="TestCases.NavBarFooterTestCases">
    <failure type="java.lang.AssertionError" message="Test FAILED">
      <![CDATA[java.lang.AssertionError: Test FAILED
	at TestCases.NavBarFooterTestCases.testCase167(NavBarFooterTestCases.java:249)
... Removed 28 stack frames]]>
    </failure>
  </testcase> <!-- testCase167 -->
  <testcase name="testCase168" time="2.472" classname="TestCases.NavBarFooterTestCases">
    <failure type="java.lang.AssertionError" message="Test FAILED">
      <![CDATA[java.lang.AssertionError: Test FAILED
	at TestCases.NavBarFooterTestCases.testCase168(NavBarFooterTestCases.java:269)
... Removed 28 stack frames]]>
    </failure>
  </testcase> <!-- testCase168 -->
  <testcase name="testCase169" time="1.443" classname="TestCases.NavBarFooterTestCases">
    <failure type="java.lang.AssertionError" message="Test FAILED">
      <![CDATA[java.lang.AssertionError: Test FAILED
	at TestCases.NavBarFooterTestCases.testCase169(NavBarFooterTestCases.java:289)
... Removed 28 stack frames]]>
    </failure>
  </testcase> <!-- testCase169 -->
  <testcase name="testCase170" time="2.182" classname="TestCases.NavBarFooterTestCases">
    <failure type="java.lang.AssertionError" message="Test FAILED">
      <![CDATA[java.lang.AssertionError: Test FAILED
	at TestCases.NavBarFooterTestCases.testCase170(NavBarFooterTestCases.java:309)
... Removed 28 stack frames]]>
    </failure>
  </testcase> <!-- testCase170 -->
  <testcase name="testCase171" time="8.859" classname="TestCases.ChangePWTestCases"/>
  <testcase name="testCase172" time="4.64" classname="TestCases.ChangePWTestCases"/>
  <testcase name="testCase173" time="4.476" classname="TestCases.ChangePWTestCases"/>
  <testcase name="testCase174" time="4.677" classname="TestCases.ChangePWTestCases"/>
  <testcase name="testCase175" time="7.19" classname="TestCases.ChangePWTestCases"/>
  <testcase name="testCase176" time="7.285" classname="TestCases.ChangePWTestCases"/>
  <testcase name="testCase178" time="5.985" classname="TestCases.SupportVideosTestCases"/>
  <testcase name="testCase179" time="4.429" classname="TestCases.SupportVideosTestCases"/>
  <testcase name="testCase180" time="4.264" classname="TestCases.SupportVideosTestCases"/>
  <testcase name="testCase181" time="5.1" classname="TestCases.SupportVideosTestCases"/>
  <testcase name="testCase182" time="4.803" classname="TestCases.SupportVideosTestCases"/>
  <testcase name="testCase183" time="6.349" classname="TestCases.SupportVideosTestCases"/>
  <testcase name="testCase184" time="5.129" classname="TestCases.SupportVideosTestCases"/>
  <testcase name="testCase185" time="6.268" classname="TestCases.SupportVideosTestCases"/>
  <testcase name="testCase186" time="6.679" classname="TestCases.SupportVideosTestCases"/>
  <testcase name="testCase187" time="5.489" classname="TestCases.SupportVideosTestCases"/>
  <testcase name="testCase188" time="6.474" classname="TestCases.SupportVideosTestCases"/>
  <testcase name="testCase189" time="5.671" classname="TestCases.SupportVideosTestCases"/>
  <testcase name="testCase190" time="5.24" classname="TestCases.SupportVideosTestCases"/>
  <testcase name="testCase191" time="6.4" classname="TestCases.SupportVideosTestCases"/>
  <testcase name="testCase192" time="5.755" classname="TestCases.SupportVideosTestCases"/>
  <testcase name="testCase193" time="6.944" classname="TestCases.SupportVideosTestCases"/>
  <testcase name="testCase194" time="6.407" classname="TestCases.SupportVideosTestCases"/>
  <testcase name="testCase195" time="6.55" classname="TestCases.SupportVideosTestCases"/>
  <testcase name="testCase196" time="7.001" classname="TestCases.SupportVideosTestCases"/>
  <testcase name="testCase197" time="6.684" classname="TestCases.SupportVideosTestCases"/>
  <testcase name="testCase198" time="6.933" classname="TestCases.SupportVideosTestCases"/>
  <testcase name="testCase199" time="7.057" classname="TestCases.SupportVideosTestCases"/>
  <testcase name="testCase200" time="6.024" classname="TestCases.SupportVideosTestCases"/>
  <testcase name="testCase201" time="6.231" classname="TestCases.SupportVideosTestCases"/>
  <testcase name="testCase202" time="7.287" classname="TestCases.SupportVideosTestCases"/>
  <testcase name="testCase203" time="7.089" classname="TestCases.SupportVideosTestCases"/>
  <testcase name="testCase204" time="5.129" classname="TestCases.SupportVideosTestCases"/>
  <testcase name="testCase205" time="5.872" classname="TestCases.SupportVideosTestCases"/>
  <testcase name="testCase206" time="7.747" classname="TestCases.SupportVideosTestCases"/>
  <testcase name="testCase207" time="5.414" classname="TestCases.SupportVideosTestCases"/>
  <testcase name="testCase208" time="6.558" classname="TestCases.ProfileTestCases"/>
  <testcase name="testCase209" time="5.59" classname="TestCases.ProfileTestCases"/>
  <testcase name="testCase210" time="5.612" classname="TestCases.ProfileTestCases"/>
  <testcase name="testCase211" time="5.812" classname="TestCases.ProfileTestCases"/>
  <testcase name="testCase213" time="5.721" classname="TestCases.ProfileTestCases">
    <failure type="java.lang.AssertionError" message="Test FAILED">
      <![CDATA[java.lang.AssertionError: Test FAILED
	at TestCases.ProfileTestCases.testCase213(ProfileTestCases.java:213)
... Removed 28 stack frames]]>
    </failure>
  </testcase> <!-- testCase213 -->
  <testcase name="testCase214" time="6.564" classname="TestCases.ProfileTestCases"/>
  <testcase name="testCase215" time="6.128" classname="TestCases.ProfileTestCases"/>
  <testcase name="testCase216" time="5.992" classname="TestCases.ProfileTestCases"/>
  <testcase name="testCase217" time="5.377" classname="TestCases.ProfileTestCases"/>
  <testcase name="testCase218" time="6.706" classname="TestCases.ProfileTestCases"/>
  <testcase name="testCase219" time="5.795" classname="TestCases.ProfileTestCases"/>
  <testcase name="testCase220" time="6.35" classname="TestCases.ProfileTestCases"/>
  <testcase name="testCase221" time="7.329" classname="TestCases.ProfileTestCases"/>
  <testcase name="testCase222" time="6.597" classname="TestCases.ProfileTestCases"/>
  <testcase name="testCase223" time="6.364" classname="TestCases.ProfileTestCases"/>
  <testcase name="testCase224" time="5.602" classname="TestCases.ProfileTestCases"/>
  <testcase name="testCase225" time="5.64" classname="TestCases.ProfileTestCases"/>
  <testcase name="testCase226" time="5.858" classname="TestCases.ProfileTestCases"/>
  <testcase name="testCase227" time="6.388" classname="TestCases.ProfileTestCases"/>
  <testcase name="testCase228" time="6.137" classname="TestCases.ProfileTestCases"/>
  <testcase name="testCase229" time="6.995" classname="TestCases.ProfileTestCases"/>
  <testcase name="testCase230" time="6.323" classname="TestCases.ProfileTestCases"/>
  <testcase name="testCase231" time="6.124" classname="TestCases.ProfileTestCases"/>
  <testcase name="testCase232" time="6.132" classname="TestCases.ProfileTestCases"/>
  <testcase name="testCase233" time="7.192" classname="TestCases.ProfileTestCases"/>
  <testcase name="testCase234" time="7.3" classname="TestCases.ProfileTestCases"/>
  <testcase name="testCase235" time="6.216" classname="TestCases.ProfileTestCases"/>
  <testcase name="testCase236" time="6.123" classname="TestCases.ProfileTestCases"/>
  <testcase name="testCase237" time="6.397" classname="TestCases.ProfileTestCases"/>
  <testcase name="testCase238" time="6.13" classname="TestCases.ProfileTestCases"/>
  <testcase name="testCase239" time="6.292" classname="TestCases.ProfileTestCases"/>
  <testcase name="testCase240" time="6.109" classname="TestCases.ProfileTestCases"/>
  <testcase name="testCase241" time="5.098" classname="TestCases.ProfileTestCases"/>
  <testcase name="testCase242" time="5.557" classname="TestCases.ProfileTestCases"/>
  <testcase name="testCase243" time="7.227" classname="TestCases.ProfileTestCases"/>
  <testcase name="testCase244" time="5.851" classname="TestCases.ProfileTestCases"/>
  <testcase name="testCase245" time="6.237" classname="TestCases.ProfileTestCases"/>
  <testcase name="testCase246" time="6.935" classname="TestCases.ProfileTestCases"/>
  <testcase name="testCase247" time="6.792" classname="TestCases.ProfileTestCases"/>
  <testcase name="testCase248" time="7.217" classname="TestCases.ProfileTestCases"/>
  <testcase name="testCase249" time="4.908" classname="TestCases.PatExtraOptnTestCases"/>
  <testcase name="testCase250" time="3.585" classname="TestCases.PatExtraOptnTestCases"/>
  <testcase name="testCase251" time="3.358" classname="TestCases.PatExtraOptnTestCases"/>
  <testcase name="testCase252" time="3.545" classname="TestCases.PatExtraOptnTestCases"/>
  <testcase name="testCase253" time="3.399" classname="TestCases.PatExtraOptnTestCases"/>
  <testcase name="testCase254" time="3.234" classname="TestCases.PatExtraOptnTestCases"/>
  <testcase name="testCase255" time="3.138" classname="TestCases.PatExtraOptnTestCases"/>
  <testcase name="testCase256" time="2.99" classname="TestCases.PatExtraOptnTestCases"/>
  <testcase name="testCase257" time="3.7" classname="TestCases.PatExtraOptnTestCases"/>
  <testcase name="testCase258" time="3.492" classname="TestCases.PatExtraOptnTestCases"/>
  <testcase name="testCase259" time="3.607" classname="TestCases.PatExtraOptnTestCases"/>
  <testcase name="testCase260" time="4.118" classname="TestCases.PatExtraOptnTestCases"/>
  <testcase name="testCase261" time="6.349" classname="TestCases.PatExtraOptnTestCases">
    <failure type="java.lang.AssertionError" message="Test FAILED">
      <![CDATA[java.lang.AssertionError: Test FAILED
	at TestCases.PatExtraOptnTestCases.testCase261(PatExtraOptnTestCases.java:350)
... Removed 28 stack frames]]>
    </failure>
  </testcase> <!-- testCase261 -->
  <testcase name="testCase262" time="9.897" classname="TestCases.PatExtraOptnTestCases">
    <failure type="java.lang.AssertionError" message="Test FAILED">
      <![CDATA[java.lang.AssertionError: Test FAILED
	at TestCases.PatExtraOptnTestCases.testCase262(PatExtraOptnTestCases.java:373)
... Removed 28 stack frames]]>
    </failure>
  </testcase> <!-- testCase262 -->
  <testcase name="testCase263" time="10.789" classname="TestCases.PatExtraOptnTestCases">
    <failure type="java.lang.AssertionError" message="Test FAILED">
      <![CDATA[java.lang.AssertionError: Test FAILED
	at TestCases.PatExtraOptnTestCases.testCase263(PatExtraOptnTestCases.java:397)
... Removed 28 stack frames]]>
    </failure>
  </testcase> <!-- testCase263 -->
  <testcase name="testCase264" time="4.904" classname="TestCases.PatExtraOptnTestCases">
    <failure type="java.lang.AssertionError" message="Test FAILED">
      <![CDATA[java.lang.AssertionError: Test FAILED
	at TestCases.PatExtraOptnTestCases.testCase264(PatExtraOptnTestCases.java:417)
... Removed 28 stack frames]]>
    </failure>
  </testcase> <!-- testCase264 -->
  <testcase name="testCase265" time="2.907" classname="TestCases.PatExtraOptnTestCases"/>
  <testcase name="testCase266" time="3.079" classname="TestCases.PatExtraOptnTestCases"/>
  <testcase name="testCase267" time="3.308" classname="TestCases.PatExtraOptnTestCases"/>
</testsuite> <!-- Clinician App Firefox Test -->
