<?xml version="1.0" encoding="UTF-8"?>
<!-- Generated by org.testng.reporters.JUnitXMLReporter -->
<testsuite hostname="DESKTOP-5RB1QFG" name="Command line test" tests="18" failures="4" timestamp="20 Jul 2017 20:42:00 GMT" time="78.258" errors="0">
  <testcase name="testCase001" time="2.169" classname="TestCases.LoginTestCases"/>
  <testcase name="testCase002" time="0.771" classname="TestCases.LoginTestCases"/>
  <testcase name="testCase003" time="4.133" classname="TestCases.LoginTestCases"/>
  <testcase name="testCase004" time="0.664" classname="TestCases.LoginTestCases"/>
  <testcase name="testCase005" time="0.979" classname="TestCases.LoginTestCases"/>
  <testcase name="testCase006" time="1.235" classname="TestCases.LoginTestCases"/>
  <testcase name="testCase007" time="1.028" classname="TestCases.LoginTestCases"/>
  <testcase name="testCase008" time="0.961" classname="TestCases.LoginTestCases"/>
  <testcase name="testCase009" time="4.027" classname="TestCases.LoginTestCases"/>
  <testcase name="testCase010" time="4.363" classname="TestCases.LoginTestCases"/>
  <testcase name="testCase011" time="1.256" classname="TestCases.LoginTestCases"/>
  <testcase name="testCase012" time="1.122" classname="TestCases.LoginTestCases"/>
  <testcase name="testCase013" time="6.398" classname="TestCases.LoginTestCases">
    <failure type="java.lang.AssertionError" message="Test FAILED">
      <![CDATA[java.lang.AssertionError: Test FAILED
	at TestCases.LoginTestCases.testCase013(LoginTestCases.java:312)
... Removed 34 stack frames]]>
    </failure>
  </testcase> <!-- testCase013 -->
  <testcase name="testCase014" time="3.148" classname="TestCases.LoginTestCases"/>
  <testcase name="testCase015" time="0.735" classname="TestCases.LoginTestCases"/>
  <testcase name="testCase016" time="1.412" classname="TestCases.LoginTestCases">
    <failure type="java.lang.AssertionError" message="Test FAILED">
      <![CDATA[java.lang.AssertionError: Test FAILED
	at TestCases.LoginTestCases.testCase016(LoginTestCases.java:370)
... Removed 34 stack frames]]>
    </failure>
  </testcase> <!-- testCase016 -->
  <testcase name="testCase017" time="0.906" classname="TestCases.LoginTestCases">
    <failure type="java.lang.AssertionError" message="Test FAILED">
      <![CDATA[java.lang.AssertionError: Test FAILED
	at TestCases.LoginTestCases.testCase017(LoginTestCases.java:392)
... Removed 34 stack frames]]>
    </failure>
  </testcase> <!-- testCase017 -->
  <testcase name="testCase018" time="1.266" classname="TestCases.LoginTestCases">
    <failure type="java.lang.AssertionError" message="Test FAILED">
      <![CDATA[java.lang.AssertionError: Test FAILED
	at TestCases.LoginTestCases.testCase018(LoginTestCases.java:414)
... Removed 34 stack frames]]>
    </failure>
  </testcase> <!-- testCase018 -->
</testsuite> <!-- Command line test -->
