<?xml version="1.0" encoding="UTF-8"?>
<!-- Generated by org.testng.reporters.JUnitReportReporter -->
<testsuite hostname="DESKTOP-5RB1QFG" name="TestCases.ClinicianTestCases" tests="40" failures="0" timestamp="16 Aug 2017 17:03:21 GMT" time="248.823" errors="1">
  <testcase name="testCase129" time="5.973" classname="TestCases.ClinicianTestCases"/>
  <testcase name="testCase133" time="6.080" classname="TestCases.ClinicianTestCases"/>
  <testcase name="testCase126" time="8.060" classname="TestCases.ClinicianTestCases"/>
  <testcase name="testCase132" time="5.495" classname="TestCases.ClinicianTestCases"/>
  <testcase name="testCase153" time="5.458" classname="TestCases.ClinicianTestCases"/>
  <testcase name="testCase151" time="5.342" classname="TestCases.ClinicianTestCases"/>
  <testcase name="testCase130" time="5.503" classname="TestCases.ClinicianTestCases"/>
  <testcase name="testCase158" time="5.784" classname="TestCases.ClinicianTestCases"/>
  <testcase name="testCase141" time="5.860" classname="TestCases.ClinicianTestCases"/>
  <testcase name="testCase138" time="6.170" classname="TestCases.ClinicianTestCases"/>
  <testcase name="testCase122" time="5.847" classname="TestCases.ClinicianTestCases"/>
  <testcase name="testCase150" time="5.385" classname="TestCases.ClinicianTestCases"/>
  <testcase name="testCase125" time="7.821" classname="TestCases.ClinicianTestCases"/>
  <testcase name="testCase124" time="10.295" classname="TestCases.ClinicianTestCases"/>
  <testcase name="testCase144" time="5.456" classname="TestCases.ClinicianTestCases"/>
  <testcase name="testCase139" time="5.390" classname="TestCases.ClinicianTestCases"/>
  <testcase name="testCase128" time="8.039" classname="TestCases.ClinicianTestCases"/>
  <testcase name="testCase120" time="5.895" classname="TestCases.ClinicianTestCases"/>
  <testcase name="testCase134" time="5.368" classname="TestCases.ClinicianTestCases"/>
  <testcase name="testCase156" time="5.484" classname="TestCases.ClinicianTestCases"/>
  <testcase name="testCase143" time="5.558" classname="TestCases.ClinicianTestCases"/>
  <testcase name="testCase137" time="5.683" classname="TestCases.ClinicianTestCases"/>
  <testcase name="testCase140" time="5.519" classname="TestCases.ClinicianTestCases"/>
  <testcase name="testCase131" time="5.527" classname="TestCases.ClinicianTestCases"/>
  <testcase name="testCase145" time="5.462" classname="TestCases.ClinicianTestCases"/>
  <testcase name="testCase149" time="5.656" classname="TestCases.ClinicianTestCases"/>
  <testcase name="testCase121" time="5.670" classname="TestCases.ClinicianTestCases"/>
  <testcase name="testCase135" time="5.473" classname="TestCases.ClinicianTestCases"/>
  <testcase name="testCase123" time="12.779" classname="TestCases.ClinicianTestCases">
    <error type="java.lang.AssertionError" message="Test FAILED">
      <![CDATA[java.lang.AssertionError: Test FAILED
	at org.testng.Assert.fail(Assert.java:94)
	at TestCases.ClinicianTestCases.testCase123(ClinicianTestCases.java:191)
	at sun.reflect.NativeMethodAccessorImpl.invoke0(Native Method)
	at sun.reflect.NativeMethodAccessorImpl.invoke(NativeMethodAccessorImpl.java:62)
	at sun.reflect.DelegatingMethodAccessorImpl.invoke(DelegatingMethodAccessorImpl.java:43)
	at java.lang.reflect.Method.invoke(Method.java:498)
	at org.testng.internal.MethodInvocationHelper.invokeMethod(MethodInvocationHelper.java:84)
	at org.testng.internal.Invoker.invokeMethod(Invoker.java:714)
	at org.testng.internal.Invoker.invokeTestMethod(Invoker.java:901)
	at org.testng.internal.Invoker.invokeTestMethods(Invoker.java:1231)
	at org.testng.internal.TestMethodWorker.invokeTestMethods(TestMethodWorker.java:127)
	at org.testng.internal.TestMethodWorker.run(TestMethodWorker.java:111)
	at org.testng.TestRunner.privateRun(TestRunner.java:767)
	at org.testng.TestRunner.run(TestRunner.java:617)
	at org.testng.SuiteRunner.runTest(SuiteRunner.java:334)
	at org.testng.SuiteRunner.runSequentially(SuiteRunner.java:329)
	at org.testng.SuiteRunner.privateRun(SuiteRunner.java:291)
	at org.testng.SuiteRunner.run(SuiteRunner.java:240)
	at org.testng.SuiteRunnerWorker.runSuite(SuiteRunnerWorker.java:52)
	at org.testng.SuiteRunnerWorker.run(SuiteRunnerWorker.java:86)
	at org.testng.TestNG.runSuitesSequentially(TestNG.java:1224)
	at org.testng.TestNG.runSuitesLocally(TestNG.java:1149)
	at org.testng.TestNG.run(TestNG.java:1057)
	at org.apache.maven.surefire.testng.TestNGExecutor.run(TestNGExecutor.java:283)
	at org.apache.maven.surefire.testng.TestNGXmlTestSuite.execute(TestNGXmlTestSuite.java:75)
	at org.apache.maven.surefire.testng.TestNGProvider.invoke(TestNGProvider.java:120)
	at org.apache.maven.surefire.booter.ForkedBooter.invokeProviderInSameClassLoader(ForkedBooter.java:386)
	at org.apache.maven.surefire.booter.ForkedBooter.runSuitesInProcess(ForkedBooter.java:323)
	at org.apache.maven.surefire.booter.ForkedBooter.main(ForkedBooter.java:143)
]]>
    </error>
  </testcase> <!-- testCase123 -->
  <testcase name="testCase127" time="8.242" classname="TestCases.ClinicianTestCases"/>
  <testcase name="testCase146" time="5.439" classname="TestCases.ClinicianTestCases"/>
  <testcase name="testCase157" time="5.410" classname="TestCases.ClinicianTestCases"/>
  <testcase name="testCase154" time="5.451" classname="TestCases.ClinicianTestCases"/>
  <testcase name="testCase147" time="5.677" classname="TestCases.ClinicianTestCases"/>
  <testcase name="testCase136" time="6.126" classname="TestCases.ClinicianTestCases"/>
  <testcase name="testCase142" time="5.966" classname="TestCases.ClinicianTestCases"/>
  <testcase name="testCase119" time="7.220" classname="TestCases.ClinicianTestCases"/>
  <testcase name="testCase155" time="5.423" classname="TestCases.ClinicianTestCases"/>
  <testcase name="testCase148" time="6.284" classname="TestCases.ClinicianTestCases"/>
  <testcase name="testCase152" time="5.553" classname="TestCases.ClinicianTestCases"/>
</testsuite> <!-- TestCases.ClinicianTestCases -->
