<?xml version="1.0" encoding="UTF-8"?>
<!-- Generated by org.testng.reporters.JUnitReportReporter -->
<testsuite hostname="DESKTOP-5RB1QFG" name="TestCases.ProfileTestCases" tests="40" failures="0" timestamp="16 Aug 2017 17:03:21 GMT" time="244.568" errors="1">
  <testcase name="testCase210" time="6.088" classname="TestCases.ProfileTestCases"/>
  <testcase name="testCase232" time="5.930" classname="TestCases.ProfileTestCases"/>
  <testcase name="testCase231" time="5.971" classname="TestCases.ProfileTestCases"/>
  <testcase name="testCase237" time="6.266" classname="TestCases.ProfileTestCases"/>
  <testcase name="testCase211" time="5.966" classname="TestCases.ProfileTestCases"/>
  <testcase name="testCase234" time="6.483" classname="TestCases.ProfileTestCases"/>
  <testcase name="testCase209" time="5.957" classname="TestCases.ProfileTestCases"/>
  <testcase name="testCase244" time="5.819" classname="TestCases.ProfileTestCases"/>
  <testcase name="testCase246" time="6.045" classname="TestCases.ProfileTestCases"/>
  <testcase name="testCase224" time="5.817" classname="TestCases.ProfileTestCases"/>
  <testcase name="testCase239" time="6.580" classname="TestCases.ProfileTestCases"/>
  <testcase name="testCase222" time="6.108" classname="TestCases.ProfileTestCases"/>
  <testcase name="testCase221" time="5.945" classname="TestCases.ProfileTestCases"/>
  <testcase name="testCase218" time="5.933" classname="TestCases.ProfileTestCases"/>
  <testcase name="testCase240" time="6.116" classname="TestCases.ProfileTestCases"/>
  <testcase name="testCase235" time="6.631" classname="TestCases.ProfileTestCases"/>
  <testcase name="testCase213" time="5.974" classname="TestCases.ProfileTestCases">
    <error type="java.lang.AssertionError" message="Test FAILED">
      <![CDATA[java.lang.AssertionError: Test FAILED
	at org.testng.Assert.fail(Assert.java:94)
	at TestCases.ProfileTestCases.testCase213(ProfileTestCases.java:213)
	at sun.reflect.NativeMethodAccessorImpl.invoke0(Native Method)
	at sun.reflect.NativeMethodAccessorImpl.invoke(NativeMethodAccessorImpl.java:62)
	at sun.reflect.DelegatingMethodAccessorImpl.invoke(DelegatingMethodAccessorImpl.java:43)
	at java.lang.reflect.Method.invoke(Method.java:498)
	at org.testng.internal.MethodInvocationHelper.invokeMethod(MethodInvocationHelper.java:84)
	at org.testng.internal.Invoker.invokeMethod(Invoker.java:714)
	at org.testng.internal.Invoker.invokeTestMethod(Invoker.java:901)
	at org.testng.internal.Invoker.invokeTestMethods(Invoker.java:1231)
	at org.testng.internal.TestMethodWorker.invokeTestMethods(TestMethodWorker.java:127)
	at org.testng.internal.TestMethodWorker.run(TestMethodWorker.java:111)
	at org.testng.TestRunner.privateRun(TestRunner.java:767)
	at org.testng.TestRunner.run(TestRunner.java:617)
	at org.testng.SuiteRunner.runTest(SuiteRunner.java:334)
	at org.testng.SuiteRunner.runSequentially(SuiteRunner.java:329)
	at org.testng.SuiteRunner.privateRun(SuiteRunner.java:291)
	at org.testng.SuiteRunner.run(SuiteRunner.java:240)
	at org.testng.SuiteRunnerWorker.runSuite(SuiteRunnerWorker.java:52)
	at org.testng.SuiteRunnerWorker.run(SuiteRunnerWorker.java:86)
	at org.testng.TestNG.runSuitesSequentially(TestNG.java:1224)
	at org.testng.TestNG.runSuitesLocally(TestNG.java:1149)
	at org.testng.TestNG.run(TestNG.java:1057)
	at org.apache.maven.surefire.testng.TestNGExecutor.run(TestNGExecutor.java:283)
	at org.apache.maven.surefire.testng.TestNGXmlTestSuite.execute(TestNGXmlTestSuite.java:75)
	at org.apache.maven.surefire.testng.TestNGProvider.invoke(TestNGProvider.java:120)
	at org.apache.maven.surefire.booter.ForkedBooter.invokeProviderInSameClassLoader(ForkedBooter.java:386)
	at org.apache.maven.surefire.booter.ForkedBooter.runSuitesInProcess(ForkedBooter.java:323)
	at org.apache.maven.surefire.booter.ForkedBooter.main(ForkedBooter.java:143)
]]>
    </error>
  </testcase> <!-- testCase213 -->
  <testcase name="testCase216" time="5.889" classname="TestCases.ProfileTestCases"/>
  <testcase name="testCase228" time="6.138" classname="TestCases.ProfileTestCases"/>
  <testcase name="testCase233" time="6.336" classname="TestCases.ProfileTestCases"/>
  <testcase name="testCase215" time="6.232" classname="TestCases.ProfileTestCases"/>
  <testcase name="testCase247" time="6.059" classname="TestCases.ProfileTestCases"/>
  <testcase name="testCase227" time="6.039" classname="TestCases.ProfileTestCases"/>
  <testcase name="testCase230" time="5.824" classname="TestCases.ProfileTestCases"/>
  <testcase name="testCase220" time="5.911" classname="TestCases.ProfileTestCases"/>
  <testcase name="testCase217" time="5.651" classname="TestCases.ProfileTestCases"/>
  <testcase name="testCase208" time="7.425" classname="TestCases.ProfileTestCases"/>
  <testcase name="testCase243" time="6.126" classname="TestCases.ProfileTestCases"/>
  <testcase name="testCase241" time="5.792" classname="TestCases.ProfileTestCases"/>
  <testcase name="testCase226" time="6.169" classname="TestCases.ProfileTestCases"/>
  <testcase name="testCase214" time="6.090" classname="TestCases.ProfileTestCases"/>
  <testcase name="testCase242" time="5.989" classname="TestCases.ProfileTestCases"/>
  <testcase name="testCase236" time="6.448" classname="TestCases.ProfileTestCases"/>
  <testcase name="testCase223" time="6.257" classname="TestCases.ProfileTestCases"/>
  <testcase name="testCase225" time="6.116" classname="TestCases.ProfileTestCases"/>
  <testcase name="testCase219" time="5.714" classname="TestCases.ProfileTestCases"/>
  <testcase name="testCase245" time="5.840" classname="TestCases.ProfileTestCases"/>
  <testcase name="testCase229" time="6.059" classname="TestCases.ProfileTestCases"/>
  <testcase name="testCase238" time="6.667" classname="TestCases.ProfileTestCases"/>
  <testcase name="testCase248" time="6.168" classname="TestCases.ProfileTestCases"/>
</testsuite> <!-- TestCases.ProfileTestCases -->
